2018-08-14 02:17:27,464 p=2519 u=root |   [WARNING]: Unable to parse /workspace/chap4/environment/prod as an inventory source

2018-08-14 02:17:27,465 p=2519 u=root |   [WARNING]: No inventory was parsed, only implicit localhost is available

2018-08-14 02:17:27,467 p=2519 u=root |   [WARNING]: Could not match supplied host pattern, ignoring: all

2018-08-14 02:17:27,467 p=2519 u=root |   [WARNING]: provided hosts list is empty, only localhost is available

2018-08-14 02:17:27,467 p=2519 u=root |   [WARNING]: No hosts matched, nothing to do

2018-08-14 02:19:13,485 p=2570 u=root |   [WARNING]:  * Failed to parse /workspace/chap4/environments/prod with yaml
plugin: Syntax Error while loading YAML.   The error appears to have been in
'/workspace/chap4/environments/prod': line 5, column 1, but may be elsewhere in
the file depending on the exact syntax problem.  The offending line appears to
be:  [local] localhost ansible_connection =local ^ here  exception type: <class
'yaml.parser.ParserError'> exception: did not find expected <document start>
in "<unicode string>", line 5, column 1

2018-08-14 02:19:13,487 p=2570 u=root |   [WARNING]:  * Failed to parse /workspace/chap4/environments/prod with ini
plugin: /workspace/chap4/environments/prod:5: Expected key=value host variable
assignment, got: ansible_connection

2018-08-14 02:19:13,487 p=2570 u=root |   [WARNING]: Unable to parse /workspace/chap4/environments/prod as an inventory
source

2018-08-14 02:19:13,487 p=2570 u=root |   [WARNING]: No inventory was parsed, only implicit localhost is available

2018-08-14 02:19:13,489 p=2570 u=root |   [WARNING]: Could not match supplied host pattern, ignoring: all

2018-08-14 02:19:13,489 p=2570 u=root |   [WARNING]: provided hosts list is empty, only localhost is available

2018-08-14 02:19:13,490 p=2570 u=root |   [WARNING]: No hosts matched, nothing to do

